<?xml version="1.0" encoding="UTF-8"?>
<!-- Generated by org.testng.reporters.JUnitReportReporter -->
<testsuite hostname="niaz-Latitude-E5450" failures="0" tests="1" name="driverPackage.BaseDriver" time="10.098" errors="0" timestamp="2025-09-03T02:15:56 BDT" skipped="0">
  <testcase classname="driverPackage.BaseDriver" name="setupDriver" time="10.098"/>
</testsuite> <!-- driverPackage.BaseDriver -->
