<?xml version="1.0" encoding="UTF-8"?>
<!-- Generated by org.testng.reporters.JUnitReportReporter -->
<testsuite hostname="niaz-Latitude-E5450" failures="0" tests="2" name="testPackage.LoginTest" time="16.433" errors="0" timestamp="2025-09-04T00:46:20 BDT" skipped="0">
  <testcase classname="testPackage.LoginTest" name="clickLoginBtn" time="5.605"/>
  <testcase classname="testPackage.LoginTest" name="login" time="10.828"/>
</testsuite> <!-- testPackage.LoginTest -->
