<?xml version="1.0" encoding="UTF-8"?>
<!-- Generated by org.testng.reporters.JUnitReportReporter -->
<testsuite hostname="niaz-Latitude-E5450" failures="0" tests="3" name="testPackage.LekhokOptionTest" time="7.745" errors="0" timestamp="2025-09-04T00:46:20 BDT" skipped="0">
  <testcase classname="testPackage.LekhokOptionTest" name="selectlekhok" time="1.653"/>
  <testcase classname="testPackage.LekhokOptionTest" name="clickNext" time="4.744"/>
  <testcase classname="testPackage.LekhokOptionTest" name="clickAuthor" time="1.348"/>
</testsuite> <!-- testPackage.LekhokOptionTest -->
