<?xml version="1.0" encoding="UTF-8"?>
<!-- Generated by org.testng.reporters.JUnitReportReporter -->
<testsuite hostname="niaz-Latitude-E5450" failures="0" tests="2" name="testPackage.LoginTest" time="8.115" errors="0" timestamp="2025-09-03T04:30:19 BDT" skipped="0">
  <testcase classname="testPackage.LoginTest" name="clickLoginBtn" time="6.334"/>
  <testcase classname="testPackage.LoginTest" name="login" time="1.781"/>
</testsuite> <!-- testPackage.LoginTest -->
